[
{"message":"Uncaught Exception: Unable to activate plugin in /internal/eval.php:32","level":"FATAL","type":"PHP","test":"jspi-boot","plugins":"instant-slideshare","details":"[19-Nov-2024 21:54:54 UTC] PHP Fatal error:  Uncaught Exception: Unable to activate plugin in /internal/eval.php:32\nStack trace:\n#0 {main}\n  thrown in /internal/eval.php on line 32\n\n    at Object.onBind (file:///Users/bero/Projects/playground-tester/node_modules/@wp-playground/cli/cli.js:20:788)\n    at async j (file:///Users/bero/Projects/playground-tester/node_modules/@wp-playground/cli/cli.js:1:1166) {\n  [cause]: Error: Error when executing the blueprint step #0 ({\"step\":\"installPlugin\",\"pluginData\":{\"resource\":\"wordpress.org/plugins\",\"slug\":\"instant-slideshare\"},\"options\":{\"activate\":true}}) : PHP.run() failed with exit code 255 and the following output: \n      at Object.run (file:///Users/bero/Projects/playground-tester/node_modules/@wp-playground/blueprints/index.js:12099:32)\n      at async Qt (file:///Users/bero/Projects/playground-tester/node_modules/@wp-playground/blueprints/index.js:12200:3)\n      at async Object.onBind (file:///Users/bero/Projects/playground-tester/node_modules/@wp-playground/cli/cli.js:20:453)\n      at async j (file:///Users/bero/Projects/playground-tester/node_modules/@wp-playground/cli/cli.js:1:1166) {\n    [cause]: PHPExecutionFailureError: PHP.run() failed with exit code 255 and the following output: \n        at PHP.run (file:///Users/bero/Projects/playground-tester/node_modules/@php-wasm/universal/index.js:979:19)\n        at async gr (file:///Users/bero/Projects/playground-tester/node_modules/@wp-playground/blueprints/index.js:31:39)\n        at async Object.at [as installPlugin] (file:///Users/bero/Projects/playground-tester/node_modules/@wp-playground/blueprints/index.js:877:42)\n        at async d (file:///Users/bero/Projects/playground-tester/node_modules/@wp-playground/blueprints/index.js:12165:30)\n        at async Object.run (file:///Users/bero/Projects/playground-tester/node_modules/@wp-playground/blueprints/index.js:12096:23)\n        at async Qt (file:///Users/bero/Projects/playground-tester/node_modules/@wp-playground/blueprints/index.js:12200:3)\n        at async Object.onBind (file:///Users/bero/Projects/playground-tester/node_modules/@wp-playground/cli/cli.js:20:453)\n        at async j (file:///Users/bero/Projects/playground-tester/node_modules/@wp-playground/cli/cli.js:1:1166) {\n      response: PHPResponse {\n        httpStatusCode: 500,\n        headers: {\n          'x-powered-by': [ 'PHP/8.3.0-dev' ],\n          'content-type': [ 'text/html; charset=UTF-8' ],\n          expires: [ 'Wed, 11 Jan 1984 05:00:00 GMT' ],\n          'cache-control': [ 'no-cache, must-revalidate, max-age=0, no-store, private' ]\n        },\n        bytes: Uint8Array(2693) [\n           60,  33,  68,  79,  67,  84,  89,  80,  69,  32, 104, 116,\n          109, 108,  62,  10,  60, 104, 116, 109, 108,  32, 108,  97,\n          110, 103,  61,  34, 101, 110,  45,  85,  83,  34,  62,  10,\n           60, 104, 101,  97, 100,  62,  10,   9,  60, 109, 101, 116,\n           97,  32, 104, 116, 116, 112,  45, 101, 113, 117, 105, 118,\n           61,  34,  67, 111, 110, 116, 101, 110, 116,  45,  84, 121,\n          112, 101,  34,  32,  99, 111, 110, 116, 101, 110, 116,  61,\n           34, 116, 101, 120, 116,  47, 104, 116, 109, 108,  59,  32,\n           99, 104,  97, 114,\n          ... 2593 more items\n        ],\n        exitCode: 255,\n        errors: ''\n      },\n      source: 'request'\n    }\n  }\n}\n\nNode.js v23.2.0\n","log":"logs/plugins//i/instant-slideshare/jspi-boot/error.log"}
]
