[
{"message":"Uncaught PDOException: SQLSTATE[HY000] [2002] Address family not supported by protocol in /wordpress/wp-content/plugins/independent-analytics/vendor/illuminate/database/Connectors/Connector.php:53","level":"FATAL","type":"PHP","test":"jspi-boot","plugins":"independent-analytics","details":"[19-Nov-2024 19:08:49 UTC] PHP Fatal error:  Uncaught PDOException: SQLSTATE[HY000] [2002] Address family not supported by protocol in /wordpress/wp-content/plugins/independent-analytics/vendor/illuminate/database/Connectors/Connector.php:53\nStack trace:\n#0 /wordpress/wp-content/plugins/independent-analytics/vendor/illuminate/database/Connectors/Connector.php(53): PDO->__construct('mysql:host=;dbn...', '', Object(SensitiveParameterValue), Array)\n#1 /wordpress/wp-content/plugins/independent-analytics/vendor/illuminate/database/Connectors/Connector.php(34): IAWPSCOPED\\Illuminate\\Database\\Connectors\\Connector->createPdoConnection('mysql:host=;dbn...', '', '', Array)\n#2 /wordpress/wp-content/plugins/independent-analytics/vendor/illuminate/database/Connectors/MySqlConnector.php(22): IAWPSCOPED\\Illuminate\\Database\\Connectors\\Connector->createConnection('mysql:host=;dbn...', Array, Array)\n#3 /wordpress/wp-content/plugins/independent-analytics/vendor/illuminate/database/Connectors/ConnectionFactory.php(157): IAWPSCOPED\\Illuminate\\Database\\Connectors\\MySqlConnector->connect(Array)\n#4 /wordpress/wp-content/plugins/independent-analytics/vendor/illuminate/database/Connection.php(884): IAWPSCOPED\\Illuminate\\Database\\Connectors\\ConnectionFactory->IAWPSCOPED\\Illuminate\\Database\\Connectors\\{closure}()\n#5 /wordpress/wp-content/plugins/independent-analytics/IAWP/Illuminate_Builder.php(98): IAWPSCOPED\\Illuminate\\Database\\Connection->getPdo()\n#6 /wordpress/wp-content/plugins/independent-analytics/IAWP/Illuminate_Builder.php(83): IAWP\\Illuminate_Builder::disable_mariadb_optimization(Object(IAWPSCOPED\\Illuminate\\Database\\MySqlConnection))\n#7 /wordpress/wp-content/plugins/independent-analytics/IAWP/Illuminate_Builder.php(31): IAWP\\Illuminate_Builder::make_connection()\n#8 /wordpress/wp-content/plugins/independent-analytics/IAWP/Database.php(81): IAWP\\Illuminate_Builder::new()\n#9 /wordpress/wp-content/plugins/independent-analytics/IAWP/Database.php(25): IAWP\\Database::user_privileges()\n#10 /wordpress/wp-content/plugins/independent-analytics/IAWP/Database.php(21): IAWP\\Database::missing_database_privileges()\n#11 /wordpress/wp-content/plugins/independent-analytics/iawp-bootstrap.php(225): IAWP\\Database::has_correct_database_privileges()\n#12 /wordpress/wp-content/plugins/independent-analytics/iawp.php(64): require_once('/wordpress/wp-c...')\n#13 /wordpress/wp-admin/includes/plugin.php(2387): include_once('/wordpress/wp-c...')\n#14 /wordpress/wp-admin/includes/plugin.php(673): plugin_sandbox_scrape('independent-ana...')\n#15 /internal/eval.php(20): activate_plugin('independent-ana...')\n#16 {main}\n  thrown in /wordpress/wp-content/plugins/independent-analytics/vendor/illuminate/database/Connectors/Connector.php on line 53\n\n    at Object.onBind (file:///Users/bero/Projects/playground-tester/node_modules/@wp-playground/cli/cli.js:20:788)\n    at runNextTicks (node:internal/process/task_queues:65:5)\n    at listOnTimeout (node:internal/timers:575:9)\n    at process.processTimers (node:internal/timers:549:7)\n    at async j (file:///Users/bero/Projects/playground-tester/node_modules/@wp-playground/cli/cli.js:1:1166) {\n  [cause]: Error: Error when executing the blueprint step #0 ({\"step\":\"installPlugin\",\"pluginData\":{\"resource\":\"wordpress.org/plugins\",\"slug\":\"independent-analytics\"},\"options\":{\"activate\":true}}) : PHP.run() failed with exit code 255 and the following output: \n      at Object.run (file:///Users/bero/Projects/playground-tester/node_modules/@wp-playground/blueprints/index.js:12099:32)\n      at runNextTicks (node:internal/process/task_queues:65:5)\n      at listOnTimeout (node:internal/timers:575:9)\n      at process.processTimers (node:internal/timers:549:7)\n      at async Qt (file:///Users/bero/Projects/playground-tester/node_modules/@wp-playground/blueprints/index.js:12200:3)\n      at async Object.onBind (file:///Users/bero/Projects/playground-tester/node_modules/@wp-playground/cli/cli.js:20:453)\n      at async j (file:///Users/bero/Projects/playground-tester/node_modules/@wp-playground/cli/cli.js:1:1166) {\n    [cause]: PHPExecutionFailureError: PHP.run() failed with exit code 255 and the following output: \n        at PHP.run (file:///Users/bero/Projects/playground-tester/node_modules/@php-wasm/universal/index.js:979:19)\n        at runNextTicks (node:internal/process/task_queues:65:5)\n        at listOnTimeout (node:internal/timers:575:9)\n        at process.processTimers (node:internal/timers:549:7)\n        at async gr (file:///Users/bero/Projects/playground-tester/node_modules/@wp-playground/blueprints/index.js:31:39)\n        at async Object.at [as installPlugin] (file:///Users/bero/Projects/playground-tester/node_modules/@wp-playground/blueprints/index.js:877:42)\n        at async d (file:///Users/bero/Projects/playground-tester/node_modules/@wp-playground/blueprints/index.js:12165:30)\n        at async Object.run (file:///Users/bero/Projects/playground-tester/node_modules/@wp-playground/blueprints/index.js:12096:23)\n        at async Qt (file:///Users/bero/Projects/playground-tester/node_modules/@wp-playground/blueprints/index.js:12200:3)\n        at async Object.onBind (file:///Users/bero/Projects/playground-tester/node_modules/@wp-playground/cli/cli.js:20:453) {\n      response: PHPResponse {\n        httpStatusCode: 500,\n        headers: {\n          'x-powered-by': [ 'PHP/8.3.0-dev' ],\n          'content-type': [ 'text/html; charset=UTF-8' ]\n        },\n        bytes: Uint8Array(0) [],\n        exitCode: 255,\n        errors: ''\n      },\n      source: 'request'\n    }\n  }\n}\n\nNode.js v23.2.0\n","log":"logs/plugins//i/independent-analytics/jspi-boot/error.log"}
]
