[
  {
    "message": "Unknown operation: ADD.",
    "level": "FATAL",
    "type": "SQL",
    "test": "asyncify-boot",
    "plugins": "namaste-lms",
    "details": "[20-Nov-2024 02:11:26 UTC] WordPress database error <div style=\"clear:both\">&nbsp;</div>\n<div class=\"queries\" style=\"clear:both;margin-bottom:2px;border:red dotted thin;\">\n<p>MySQL query:</p>\n<p>ALTER TABLE `wp_namaste_solution_files` ADD filepath VARCHAR(255) NOT NULL DEFAULT ''</p>\n<p>Queries made or created this session were:</p>\n<ol>\n<li>Executing: BEGIN | (no parameters)</li>\n<li>Executing: ROLLBACK | (no parameters)</li>\n</ol>\n</div>\n<div style=\"clear:both;margin-bottom:2px;border:red dotted thin;\" class=\"error_message\" style=\"border-bottom:dotted blue thin;\">\nError occurred at line 3786 in Function <code>handle_error</code>. Error message was: Unknown operation: ADD.\n</div>\n<p>Backtrace:</p>\n<pre>#0 /internal/shared/sqlite-database-integration/wp-includes/sqlite/class-wp-sqlite-db.php(287): WP_SQLite_Translator->get_error_message()\n#1 /wordpress/wp-content/plugins/namaste-lms/helpers/htmlhelper.php(188): WP_SQLite_DB->query('ALTER TABLE `wp...')\n#2 /wordpress/wp-content/plugins/namaste-lms/models/namaste-model.php(217): namaste_add_db_fields(Array, 'wp_namaste_solu...')\n#3 /wordpress/wp-includes/class-wp-hook.php(324): NamasteLMS::install(false)\n#4 /wordpress/wp-includes/class-wp-hook.php(348): WP_Hook->apply_filters('', Array)\n#5 /wordpress/wp-includes/plugin.php(517): WP_Hook->do_action(Array)\n#6 /wordpress/wp-admin/includes/plugin.php(703): do_action('activate_namast...', false)\n#7 /internal/eval.php(20): activate_plugin('namaste-lms/nam...')\n#8 {main}</pre>\n for query ALTER TABLE `wp_namaste_solution_files` ADD filepath VARCHAR(255) NOT NULL DEFAULT '' made by activate_plugin, do_action('activate_namaste-lms/namaste.php'), WP_Hook->do_action, WP_Hook->apply_filters, NamasteLMS::install, namaste_add_db_fields, WP_SQLite_DB->query, WP_SQLite_DB->print_error",
    "log": "logs/plugins//n/namaste-lms/asyncify-boot/error.log"
  },
  {
    "message": "Unknown operation: ADD.",
    "level": "FATAL",
    "type": "SQL",
    "test": "asyncify-boot",
    "plugins": "namaste-lms",
    "details": "[20-Nov-2024 02:11:26 UTC] WordPress database error <div style=\"clear:both\">&nbsp;</div>\n<div class=\"queries\" style=\"clear:both;margin-bottom:2px;border:red dotted thin;\">\n<p>MySQL query:</p>\n<p>ALTER TABLE `wp_namaste_student_courses` ADD grade VARCHAR(100) NOT NULL DEFAULT '', ADD enrollment_time DATETIME, ADD completion_time DATETIME, ADD points INT UNSIGNED NOT NULL DEFAULT 0, ADD tags TEXT</p>\n<p>Queries made or created this session were:</p>\n<ol>\n<li>Executing: BEGIN | (no parameters)</li>\n<li>Executing: ROLLBACK | (no parameters)</li>\n</ol>\n</div>\n<div style=\"clear:both;margin-bottom:2px;border:red dotted thin;\" class=\"error_message\" style=\"border-bottom:dotted blue thin;\">\nError occurred at line 3786 in Function <code>handle_error</code>. Error message was: Unknown operation: ADD.\n</div>\n<p>Backtrace:</p>\n<pre>#0 /internal/shared/sqlite-database-integration/wp-includes/sqlite/class-wp-sqlite-db.php(287): WP_SQLite_Translator->get_error_message()\n#1 /wordpress/wp-content/plugins/namaste-lms/helpers/htmlhelper.php(188): WP_SQLite_DB->query('ALTER TABLE `wp...')\n#2 /wordpress/wp-content/plugins/namaste-lms/models/namaste-model.php(222): namaste_add_db_fields(Array, 'wp_namaste_stud...')\n#3 /wordpress/wp-includes/class-wp-hook.php(324): NamasteLMS::install(false)\n#4 /wordpress/wp-includes/class-wp-hook.php(348): WP_Hook->apply_filters('', Array)\n#5 /wordpress/wp-includes/plugin.php(517): WP_Hook->do_action(Array)\n#6 /wordpress/wp-admin/includes/plugin.php(703): do_action('activate_namast...', false)\n#7 /internal/eval.php(20): activate_plugin('namaste-lms/nam...')\n#8 {main}</pre>\n for query ALTER TABLE `wp_namaste_student_courses` ADD grade VARCHAR(100) NOT NULL DEFAULT '', ADD enrollment_time DATETIME, ADD completion_time DATETIME, ADD points INT UNSIGNED NOT NULL DEFAULT 0, ADD tags TEXT made by activate_plugin, do_action('activate_namaste-lms/namaste.php'), WP_Hook->do_action, WP_Hook->apply_filters, NamasteLMS::install, namaste_add_db_fields, WP_SQLite_DB->query, WP_SQLite_DB->print_error",
    "log": "logs/plugins//n/namaste-lms/asyncify-boot/error.log"
  },
  {
    "message": "Unknown operation: ADD.",
    "level": "FATAL",
    "type": "SQL",
    "test": "asyncify-boot",
    "plugins": "namaste-lms",
    "details": "[20-Nov-2024 02:11:26 UTC] WordPress database error <div style=\"clear:both\">&nbsp;</div>\n<div class=\"queries\" style=\"clear:both;margin-bottom:2px;border:red dotted thin;\">\n<p>MySQL query:</p>\n<p>ALTER TABLE `wp_namaste_student_lessons` ADD grade VARCHAR(100) NOT NULL DEFAULT '', ADD start_time DATETIME, ADD completion_time DATETIME, ADD points INT UNSIGNED NOT NULL DEFAULT 0, ADD pending_admin_approval TINYINT UNSIGNED NOT NULL DEFAULT 0</p>\n<p>Queries made or created this session were:</p>\n<ol>\n<li>Executing: BEGIN | (no parameters)</li>\n<li>Executing: ROLLBACK | (no parameters)</li>\n</ol>\n</div>\n<div style=\"clear:both;margin-bottom:2px;border:red dotted thin;\" class=\"error_message\" style=\"border-bottom:dotted blue thin;\">\nError occurred at line 3786 in Function <code>handle_error</code>. Error message was: Unknown operation: ADD.\n</div>\n<p>Backtrace:</p>\n<pre>#0 /internal/shared/sqlite-database-integration/wp-includes/sqlite/class-wp-sqlite-db.php(287): WP_SQLite_Translator->get_error_message()\n#1 /wordpress/wp-content/plugins/namaste-lms/helpers/htmlhelper.php(188): WP_SQLite_DB->query('ALTER TABLE `wp...')\n#2 /wordpress/wp-content/plugins/namaste-lms/models/namaste-model.php(230): namaste_add_db_fields(Array, 'wp_namaste_stud...')\n#3 /wordpress/wp-includes/class-wp-hook.php(324): NamasteLMS::install(false)\n#4 /wordpress/wp-includes/class-wp-hook.php(348): WP_Hook->apply_filters('', Array)\n#5 /wordpress/wp-includes/plugin.php(517): WP_Hook->do_action(Array)\n#6 /wordpress/wp-admin/includes/plugin.php(703): do_action('activate_namast...', false)\n#7 /internal/eval.php(20): activate_plugin('namaste-lms/nam...')\n#8 {main}</pre>\n for query ALTER TABLE `wp_namaste_student_lessons` ADD grade VARCHAR(100) NOT NULL DEFAULT '', ADD start_time DATETIME, ADD completion_time DATETIME, ADD points INT UNSIGNED NOT NULL DEFAULT 0, ADD pending_admin_approval TINYINT UNSIGNED NOT NULL DEFAULT 0 made by activate_plugin, do_action('activate_namaste-lms/namaste.php'), WP_Hook->do_action, WP_Hook->apply_filters, NamasteLMS::install, namaste_add_db_fields, WP_SQLite_DB->query, WP_SQLite_DB->print_error",
    "log": "logs/plugins//n/namaste-lms/asyncify-boot/error.log"
  },
  {
    "message": "Unknown operation: ADD.",
    "level": "FATAL",
    "type": "SQL",
    "test": "asyncify-boot",
    "plugins": "namaste-lms",
    "details": "[20-Nov-2024 02:11:26 UTC] WordPress database error <div style=\"clear:both\">&nbsp;</div>\n<div class=\"queries\" style=\"clear:both;margin-bottom:2px;border:red dotted thin;\">\n<p>MySQL query:</p>\n<p>ALTER TABLE `wp_namaste_homeworks` ADD award_points INT UNSIGNED NOT NULL DEFAULT 0, ADD editor_id INT UNSIGNED NOT NULL DEFAULT 0, ADD limit_by_date TINYINT UNSIGNED NOT NULL DEFAULT 0, ADD accept_date_from DATE, ADD accept_date_to DATE, ADD auto_grade_lesson TINYINT UNSIGNED NOT NULL DEFAULT 0, ADD self_approving TINYINT UNSIGNED NOT NULL DEFAULT 0, ADD auto_approve TINYINT UNSIGNED NOT NULL DEFAULT 0</p>\n<p>Queries made or created this session were:</p>\n<ol>\n<li>Executing: BEGIN | (no parameters)</li>\n<li>Executing: ROLLBACK | (no parameters)</li>\n</ol>\n</div>\n<div style=\"clear:both;margin-bottom:2px;border:red dotted thin;\" class=\"error_message\" style=\"border-bottom:dotted blue thin;\">\nError occurred at line 3786 in Function <code>handle_error</code>. Error message was: Unknown operation: ADD.\n</div>\n<p>Backtrace:</p>\n<pre>#0 /internal/shared/sqlite-database-integration/wp-includes/sqlite/class-wp-sqlite-db.php(287): WP_SQLite_Translator->get_error_message()\n#1 /wordpress/wp-content/plugins/namaste-lms/helpers/htmlhelper.php(188): WP_SQLite_DB->query('ALTER TABLE `wp...')\n#2 /wordpress/wp-content/plugins/namaste-lms/models/namaste-model.php(238): namaste_add_db_fields(Array, 'wp_namaste_home...')\n#3 /wordpress/wp-includes/class-wp-hook.php(324): NamasteLMS::install(false)\n#4 /wordpress/wp-includes/class-wp-hook.php(348): WP_Hook->apply_filters('', Array)\n#5 /wordpress/wp-includes/plugin.php(517): WP_Hook->do_action(Array)\n#6 /wordpress/wp-admin/includes/plugin.php(703): do_action('activate_namast...', false)\n#7 /internal/eval.php(20): activate_plugin('namaste-lms/nam...')\n#8 {main}</pre>\n for query ALTER TABLE `wp_namaste_homeworks` ADD award_points INT UNSIGNED NOT NULL DEFAULT 0, ADD editor_id INT UNSIGNED NOT NULL DEFAULT 0, ADD limit_by_date TINYINT UNSIGNED NOT NULL DEFAULT 0, ADD accept_date_from DATE, ADD accept_date_to DATE, ADD auto_grade_lesson TINYINT UNSIGNED NOT NULL DEFAULT 0, ADD self_approving TINYINT UNSIGNED NOT NULL DEFAULT 0, ADD auto_approve TINYINT UNSIGNED NOT NULL DEFAULT 0 made by activate_plugin, do_action('activate_namaste-lms/namaste.php'), WP_Hook->do_action, WP_Hook->apply_filters, NamasteLMS::install, namaste_add_db_fields, WP_SQLite_DB->query, WP_SQLite_DB->print_error",
    "log": "logs/plugins//n/namaste-lms/asyncify-boot/error.log"
  },
  {
    "message": "Unknown operation: ADD.",
    "level": "FATAL",
    "type": "SQL",
    "test": "asyncify-boot",
    "plugins": "namaste-lms",
    "details": "[20-Nov-2024 02:11:26 UTC] WordPress database error <div style=\"clear:both\">&nbsp;</div>\n<div class=\"queries\" style=\"clear:both;margin-bottom:2px;border:red dotted thin;\">\n<p>MySQL query:</p>\n<p>ALTER TABLE `wp_namaste_certificates` ADD editor_id INT UNSIGNED NOT NULL DEFAULT 0, ADD has_expiration TINYINT UNSIGNED NOT NULL DEFAULT 0, ADD expiration_period VARCHAR(100) NOT NULL DEFAULT '', ADD expired_message TEXT, ADD expiration_mode VARCHAR(255) NOT NULL DEFAULT 'period', ADD expiration_date DATE</p>\n<p>Queries made or created this session were:</p>\n<ol>\n<li>Executing: BEGIN | (no parameters)</li>\n<li>Executing: ROLLBACK | (no parameters)</li>\n</ol>\n</div>\n<div style=\"clear:both;margin-bottom:2px;border:red dotted thin;\" class=\"error_message\" style=\"border-bottom:dotted blue thin;\">\nError occurred at line 3786 in Function <code>handle_error</code>. Error message was: Unknown operation: ADD.\n</div>\n<p>Backtrace:</p>\n<pre>#0 /internal/shared/sqlite-database-integration/wp-includes/sqlite/class-wp-sqlite-db.php(287): WP_SQLite_Translator->get_error_message()\n#1 /wordpress/wp-content/plugins/namaste-lms/helpers/htmlhelper.php(188): WP_SQLite_DB->query('ALTER TABLE `wp...')\n#2 /wordpress/wp-content/plugins/namaste-lms/models/namaste-model.php(249): namaste_add_db_fields(Array, 'wp_namaste_cert...')\n#3 /wordpress/wp-includes/class-wp-hook.php(324): NamasteLMS::install(false)\n#4 /wordpress/wp-includes/class-wp-hook.php(348): WP_Hook->apply_filters('', Array)\n#5 /wordpress/wp-includes/plugin.php(517): WP_Hook->do_action(Array)\n#6 /wordpress/wp-admin/includes/plugin.php(703): do_action('activate_namast...', false)\n#7 /internal/eval.php(20): activate_plugin('namaste-lms/nam...')\n#8 {main}</pre>\n for query ALTER TABLE `wp_namaste_certificates` ADD editor_id INT UNSIGNED NOT NULL DEFAULT 0, ADD has_expiration TINYINT UNSIGNED NOT NULL DEFAULT 0, ADD expiration_period VARCHAR(100) NOT NULL DEFAULT '', ADD expired_message TEXT, ADD expiration_mode VARCHAR(255) NOT NULL DEFAULT 'period', ADD expiration_date DATE made by activate_plugin, do_action('activate_namaste-lms/namaste.php'), WP_Hook->do_action, WP_Hook->apply_filters, NamasteLMS::install, namaste_add_db_fields, WP_SQLite_DB->query, WP_SQLite_DB->print_error",
    "log": "logs/plugins//n/namaste-lms/asyncify-boot/error.log"
  },
  {
    "message": "Unknown operation: ADD.",
    "level": "FATAL",
    "type": "SQL",
    "test": "asyncify-boot",
    "plugins": "namaste-lms",
    "details": "[20-Nov-2024 02:11:26 UTC] WordPress database error <div style=\"clear:both\">&nbsp;</div>\n<div class=\"queries\" style=\"clear:both;margin-bottom:2px;border:red dotted thin;\">\n<p>MySQL query:</p>\n<p>ALTER TABLE `wp_namaste_history` ADD for_item_type VARCHAR(100) NOT NULL DEFAULT '' , ADD for_item_id INT UNSIGNED NOT NULL DEFAULT 0, ADD group_id INT UNSIGNED NOT NULL DEFAULT 0, ADD course_id INT UNSIGNED NOT NULL DEFAULT 0, ADD module_id INT UNSIGNED NOT NULL DEFAULT 0</p>\n<p>Queries made or created this session were:</p>\n<ol>\n<li>Executing: BEGIN | (no parameters)</li>\n<li>Executing: ROLLBACK | (no parameters)</li>\n</ol>\n</div>\n<div style=\"clear:both;margin-bottom:2px;border:red dotted thin;\" class=\"error_message\" style=\"border-bottom:dotted blue thin;\">\nError occurred at line 3786 in Function <code>handle_error</code>. Error message was: Unknown operation: ADD.\n</div>\n<p>Backtrace:</p>\n<pre>#0 /internal/shared/sqlite-database-integration/wp-includes/sqlite/class-wp-sqlite-db.php(287): WP_SQLite_Translator->get_error_message()\n#1 /wordpress/wp-content/plugins/namaste-lms/helpers/htmlhelper.php(188): WP_SQLite_DB->query('ALTER TABLE `wp...')\n#2 /wordpress/wp-content/plugins/namaste-lms/models/namaste-model.php(258): namaste_add_db_fields(Array, 'wp_namaste_hist...')\n#3 /wordpress/wp-includes/class-wp-hook.php(324): NamasteLMS::install(false)\n#4 /wordpress/wp-includes/class-wp-hook.php(348): WP_Hook->apply_filters('', Array)\n#5 /wordpress/wp-includes/plugin.php(517): WP_Hook->do_action(Array)\n#6 /wordpress/wp-admin/includes/plugin.php(703): do_action('activate_namast...', false)\n#7 /internal/eval.php(20): activate_plugin('namaste-lms/nam...')\n#8 {main}</pre>\n for query ALTER TABLE `wp_namaste_history` ADD for_item_type VARCHAR(100) NOT NULL DEFAULT '' , ADD for_item_id INT UNSIGNED NOT NULL DEFAULT 0, ADD group_id INT UNSIGNED NOT NULL DEFAULT 0, ADD course_id INT UNSIGNED NOT NULL DEFAULT 0, ADD module_id INT UNSIGNED NOT NULL DEFAULT 0 made by activate_plugin, do_action('activate_namaste-lms/namaste.php'), WP_Hook->do_action, WP_Hook->apply_filters, NamasteLMS::install, namaste_add_db_fields, WP_SQLite_DB->query, WP_SQLite_DB->print_error",
    "log": "logs/plugins//n/namaste-lms/asyncify-boot/error.log"
  },
  {
    "message": "Unknown operation: CHANGE.",
    "level": "FATAL",
    "type": "SQL",
    "test": "asyncify-boot",
    "plugins": "namaste-lms",
    "details": "[20-Nov-2024 02:11:26 UTC] WordPress database error <div style=\"clear:both\">&nbsp;</div>\n<div class=\"queries\" style=\"clear:both;margin-bottom:2px;border:red dotted thin;\">\n<p>MySQL query:</p>\n<p>ALTER TABLE wp_namaste_student_homeworks CHANGE fileblob fileblob LONGBLOB</p>\n<p>Queries made or created this session were:</p>\n<ol>\n<li>Executing: BEGIN | (no parameters)</li>\n<li>Executing: ROLLBACK | (no parameters)</li>\n</ol>\n</div>\n<div style=\"clear:both;margin-bottom:2px;border:red dotted thin;\" class=\"error_message\" style=\"border-bottom:dotted blue thin;\">\nError occurred at line 3786 in Function <code>handle_error</code>. Error message was: Unknown operation: CHANGE.\n</div>\n<p>Backtrace:</p>\n<pre>#0 /internal/shared/sqlite-database-integration/wp-includes/sqlite/class-wp-sqlite-db.php(287): WP_SQLite_Translator->get_error_message()\n#1 /wordpress/wp-content/plugins/namaste-lms/models/namaste-model.php(282): WP_SQLite_DB->query('ALTER TABLE wp_...')\n#2 /wordpress/wp-includes/class-wp-hook.php(324): NamasteLMS::install(false)\n#3 /wordpress/wp-includes/class-wp-hook.php(348): WP_Hook->apply_filters('', Array)\n#4 /wordpress/wp-includes/plugin.php(517): WP_Hook->do_action(Array)\n#5 /wordpress/wp-admin/includes/plugin.php(703): do_action('activate_namast...', false)\n#6 /internal/eval.php(20): activate_plugin('namaste-lms/nam...')\n#7 {main}</pre>\n for query ALTER TABLE wp_namaste_student_homeworks CHANGE fileblob fileblob LONGBLOB made by activate_plugin, do_action('activate_namaste-lms/namaste.php'), WP_Hook->do_action, WP_Hook->apply_filters, NamasteLMS::install, WP_SQLite_DB->query, WP_SQLite_DB->print_error",
    "log": "logs/plugins//n/namaste-lms/asyncify-boot/error.log"
  },
  {
    "message": "Uncaught Exception: The plugin generated unexpected output. in /internal/eval.php:29",
    "level": "FATAL",
    "type": "PHP",
    "test": "asyncify-boot",
    "plugins": "namaste-lms",
    "details": "[20-Nov-2024 02:11:26 UTC] PHP Fatal error:  Uncaught Exception: The plugin generated unexpected output. in /internal/eval.php:29\nStack trace:\n#0 {main}\n  thrown in /internal/eval.php on line 29\n\n    at Object.onBind (file:///Users/bero/Projects/playground-tester/node_modules/@wp-playground/cli/cli.js:20:788)\n    at async j (file:///Users/bero/Projects/playground-tester/node_modules/@wp-playground/cli/cli.js:1:1166) {\n  [cause]: Error: Error when executing the blueprint step #0 ({\"step\":\"installPlugin\",\"pluginData\":{\"resource\":\"wordpress.org/plugins\",\"slug\":\"namaste-lms\"},\"options\":{\"activate\":true}}) : PHP.run() failed with exit code 255 and the following output: \n      at Object.run (file:///Users/bero/Projects/playground-tester/node_modules/@wp-playground/blueprints/index.js:12099:32)\n      at async Qt (file:///Users/bero/Projects/playground-tester/node_modules/@wp-playground/blueprints/index.js:12200:3)\n      at async Object.onBind (file:///Users/bero/Projects/playground-tester/node_modules/@wp-playground/cli/cli.js:20:453)\n      at async j (file:///Users/bero/Projects/playground-tester/node_modules/@wp-playground/cli/cli.js:1:1166) {\n    [cause]: PHPExecutionFailureError: PHP.run() failed with exit code 255 and the following output: \n        at PHP.run (file:///Users/bero/Projects/playground-tester/node_modules/@php-wasm/universal/index.js:979:19)\n        at async gr (file:///Users/bero/Projects/playground-tester/node_modules/@wp-playground/blueprints/index.js:31:39)\n        at async Object.at [as installPlugin] (file:///Users/bero/Projects/playground-tester/node_modules/@wp-playground/blueprints/index.js:877:42)\n        at async d (file:///Users/bero/Projects/playground-tester/node_modules/@wp-playground/blueprints/index.js:12165:30)\n        at async Object.run (file:///Users/bero/Projects/playground-tester/node_modules/@wp-playground/blueprints/index.js:12096:23)\n        at async Qt (file:///Users/bero/Projects/playground-tester/node_modules/@wp-playground/blueprints/index.js:12200:3)\n        at async Object.onBind (file:///Users/bero/Projects/playground-tester/node_modules/@wp-playground/cli/cli.js:20:453)\n        at async j (file:///Users/bero/Projects/playground-tester/node_modules/@wp-playground/cli/cli.js:1:1166) {\n      response: PHPResponse {\n        httpStatusCode: 500,\n        headers: {\n          'x-powered-by': [ 'PHP/8.3.0-dev' ],\n          'content-type': [ 'text/html; charset=UTF-8' ]\n        },\n        bytes: Uint8Array(0) [],\n        exitCode: 255,\n        errors: ''\n      },\n      source: 'request'\n    }\n  }\n}\n\nNode.js v18.18.2\n",
    "log": "logs/plugins//n/namaste-lms/asyncify-boot/error.log"
  },
  {
    "message": "Unknown operation: ADD.",
    "level": "FATAL",
    "type": "SQL",
    "test": "jspi-boot",
    "plugins": "namaste-lms",
    "details": "[20-Nov-2024 02:11:31 UTC] WordPress database error <div style=\"clear:both\">&nbsp;</div>\n<div class=\"queries\" style=\"clear:both;margin-bottom:2px;border:red dotted thin;\">\n<p>MySQL query:</p>\n<p>ALTER TABLE `wp_namaste_solution_files` ADD filepath VARCHAR(255) NOT NULL DEFAULT ''</p>\n<p>Queries made or created this session were:</p>\n<ol>\n<li>Executing: BEGIN | (no parameters)</li>\n<li>Executing: ROLLBACK | (no parameters)</li>\n</ol>\n</div>\n<div style=\"clear:both;margin-bottom:2px;border:red dotted thin;\" class=\"error_message\" style=\"border-bottom:dotted blue thin;\">\nError occurred at line 3786 in Function <code>handle_error</code>. Error message was: Unknown operation: ADD.\n</div>\n<p>Backtrace:</p>\n<pre>#0 /internal/shared/sqlite-database-integration/wp-includes/sqlite/class-wp-sqlite-db.php(287): WP_SQLite_Translator->get_error_message()\n#1 /wordpress/wp-content/plugins/namaste-lms/helpers/htmlhelper.php(188): WP_SQLite_DB->query('ALTER TABLE `wp...')\n#2 /wordpress/wp-content/plugins/namaste-lms/models/namaste-model.php(217): namaste_add_db_fields(Array, 'wp_namaste_solu...')\n#3 /wordpress/wp-includes/class-wp-hook.php(324): NamasteLMS::install(false)\n#4 /wordpress/wp-includes/class-wp-hook.php(348): WP_Hook->apply_filters('', Array)\n#5 /wordpress/wp-includes/plugin.php(517): WP_Hook->do_action(Array)\n#6 /wordpress/wp-admin/includes/plugin.php(703): do_action('activate_namast...', false)\n#7 /internal/eval.php(20): activate_plugin('namaste-lms/nam...')\n#8 {main}</pre>\n for query ALTER TABLE `wp_namaste_solution_files` ADD filepath VARCHAR(255) NOT NULL DEFAULT '' made by activate_plugin, do_action('activate_namaste-lms/namaste.php'), WP_Hook->do_action, WP_Hook->apply_filters, NamasteLMS::install, namaste_add_db_fields, WP_SQLite_DB->query, WP_SQLite_DB->print_error",
    "log": "logs/plugins//n/namaste-lms/jspi-boot/error.log"
  },
  {
    "message": "Unknown operation: ADD.",
    "level": "FATAL",
    "type": "SQL",
    "test": "jspi-boot",
    "plugins": "namaste-lms",
    "details": "[20-Nov-2024 02:11:31 UTC] WordPress database error <div style=\"clear:both\">&nbsp;</div>\n<div class=\"queries\" style=\"clear:both;margin-bottom:2px;border:red dotted thin;\">\n<p>MySQL query:</p>\n<p>ALTER TABLE `wp_namaste_student_courses` ADD grade VARCHAR(100) NOT NULL DEFAULT '', ADD enrollment_time DATETIME, ADD completion_time DATETIME, ADD points INT UNSIGNED NOT NULL DEFAULT 0, ADD tags TEXT</p>\n<p>Queries made or created this session were:</p>\n<ol>\n<li>Executing: BEGIN | (no parameters)</li>\n<li>Executing: ROLLBACK | (no parameters)</li>\n</ol>\n</div>\n<div style=\"clear:both;margin-bottom:2px;border:red dotted thin;\" class=\"error_message\" style=\"border-bottom:dotted blue thin;\">\nError occurred at line 3786 in Function <code>handle_error</code>. Error message was: Unknown operation: ADD.\n</div>\n<p>Backtrace:</p>\n<pre>#0 /internal/shared/sqlite-database-integration/wp-includes/sqlite/class-wp-sqlite-db.php(287): WP_SQLite_Translator->get_error_message()\n#1 /wordpress/wp-content/plugins/namaste-lms/helpers/htmlhelper.php(188): WP_SQLite_DB->query('ALTER TABLE `wp...')\n#2 /wordpress/wp-content/plugins/namaste-lms/models/namaste-model.php(222): namaste_add_db_fields(Array, 'wp_namaste_stud...')\n#3 /wordpress/wp-includes/class-wp-hook.php(324): NamasteLMS::install(false)\n#4 /wordpress/wp-includes/class-wp-hook.php(348): WP_Hook->apply_filters('', Array)\n#5 /wordpress/wp-includes/plugin.php(517): WP_Hook->do_action(Array)\n#6 /wordpress/wp-admin/includes/plugin.php(703): do_action('activate_namast...', false)\n#7 /internal/eval.php(20): activate_plugin('namaste-lms/nam...')\n#8 {main}</pre>\n for query ALTER TABLE `wp_namaste_student_courses` ADD grade VARCHAR(100) NOT NULL DEFAULT '', ADD enrollment_time DATETIME, ADD completion_time DATETIME, ADD points INT UNSIGNED NOT NULL DEFAULT 0, ADD tags TEXT made by activate_plugin, do_action('activate_namaste-lms/namaste.php'), WP_Hook->do_action, WP_Hook->apply_filters, NamasteLMS::install, namaste_add_db_fields, WP_SQLite_DB->query, WP_SQLite_DB->print_error",
    "log": "logs/plugins//n/namaste-lms/jspi-boot/error.log"
  },
  {
    "message": "Unknown operation: ADD.",
    "level": "FATAL",
    "type": "SQL",
    "test": "jspi-boot",
    "plugins": "namaste-lms",
    "details": "[20-Nov-2024 02:11:31 UTC] WordPress database error <div style=\"clear:both\">&nbsp;</div>\n<div class=\"queries\" style=\"clear:both;margin-bottom:2px;border:red dotted thin;\">\n<p>MySQL query:</p>\n<p>ALTER TABLE `wp_namaste_student_lessons` ADD grade VARCHAR(100) NOT NULL DEFAULT '', ADD start_time DATETIME, ADD completion_time DATETIME, ADD points INT UNSIGNED NOT NULL DEFAULT 0, ADD pending_admin_approval TINYINT UNSIGNED NOT NULL DEFAULT 0</p>\n<p>Queries made or created this session were:</p>\n<ol>\n<li>Executing: BEGIN | (no parameters)</li>\n<li>Executing: ROLLBACK | (no parameters)</li>\n</ol>\n</div>\n<div style=\"clear:both;margin-bottom:2px;border:red dotted thin;\" class=\"error_message\" style=\"border-bottom:dotted blue thin;\">\nError occurred at line 3786 in Function <code>handle_error</code>. Error message was: Unknown operation: ADD.\n</div>\n<p>Backtrace:</p>\n<pre>#0 /internal/shared/sqlite-database-integration/wp-includes/sqlite/class-wp-sqlite-db.php(287): WP_SQLite_Translator->get_error_message()\n#1 /wordpress/wp-content/plugins/namaste-lms/helpers/htmlhelper.php(188): WP_SQLite_DB->query('ALTER TABLE `wp...')\n#2 /wordpress/wp-content/plugins/namaste-lms/models/namaste-model.php(230): namaste_add_db_fields(Array, 'wp_namaste_stud...')\n#3 /wordpress/wp-includes/class-wp-hook.php(324): NamasteLMS::install(false)\n#4 /wordpress/wp-includes/class-wp-hook.php(348): WP_Hook->apply_filters('', Array)\n#5 /wordpress/wp-includes/plugin.php(517): WP_Hook->do_action(Array)\n#6 /wordpress/wp-admin/includes/plugin.php(703): do_action('activate_namast...', false)\n#7 /internal/eval.php(20): activate_plugin('namaste-lms/nam...')\n#8 {main}</pre>\n for query ALTER TABLE `wp_namaste_student_lessons` ADD grade VARCHAR(100) NOT NULL DEFAULT '', ADD start_time DATETIME, ADD completion_time DATETIME, ADD points INT UNSIGNED NOT NULL DEFAULT 0, ADD pending_admin_approval TINYINT UNSIGNED NOT NULL DEFAULT 0 made by activate_plugin, do_action('activate_namaste-lms/namaste.php'), WP_Hook->do_action, WP_Hook->apply_filters, NamasteLMS::install, namaste_add_db_fields, WP_SQLite_DB->query, WP_SQLite_DB->print_error",
    "log": "logs/plugins//n/namaste-lms/jspi-boot/error.log"
  },
  {
    "message": "Unknown operation: ADD.",
    "level": "FATAL",
    "type": "SQL",
    "test": "jspi-boot",
    "plugins": "namaste-lms",
    "details": "[20-Nov-2024 02:11:31 UTC] WordPress database error <div style=\"clear:both\">&nbsp;</div>\n<div class=\"queries\" style=\"clear:both;margin-bottom:2px;border:red dotted thin;\">\n<p>MySQL query:</p>\n<p>ALTER TABLE `wp_namaste_homeworks` ADD award_points INT UNSIGNED NOT NULL DEFAULT 0, ADD editor_id INT UNSIGNED NOT NULL DEFAULT 0, ADD limit_by_date TINYINT UNSIGNED NOT NULL DEFAULT 0, ADD accept_date_from DATE, ADD accept_date_to DATE, ADD auto_grade_lesson TINYINT UNSIGNED NOT NULL DEFAULT 0, ADD self_approving TINYINT UNSIGNED NOT NULL DEFAULT 0, ADD auto_approve TINYINT UNSIGNED NOT NULL DEFAULT 0</p>\n<p>Queries made or created this session were:</p>\n<ol>\n<li>Executing: BEGIN | (no parameters)</li>\n<li>Executing: ROLLBACK | (no parameters)</li>\n</ol>\n</div>\n<div style=\"clear:both;margin-bottom:2px;border:red dotted thin;\" class=\"error_message\" style=\"border-bottom:dotted blue thin;\">\nError occurred at line 3786 in Function <code>handle_error</code>. Error message was: Unknown operation: ADD.\n</div>\n<p>Backtrace:</p>\n<pre>#0 /internal/shared/sqlite-database-integration/wp-includes/sqlite/class-wp-sqlite-db.php(287): WP_SQLite_Translator->get_error_message()\n#1 /wordpress/wp-content/plugins/namaste-lms/helpers/htmlhelper.php(188): WP_SQLite_DB->query('ALTER TABLE `wp...')\n#2 /wordpress/wp-content/plugins/namaste-lms/models/namaste-model.php(238): namaste_add_db_fields(Array, 'wp_namaste_home...')\n#3 /wordpress/wp-includes/class-wp-hook.php(324): NamasteLMS::install(false)\n#4 /wordpress/wp-includes/class-wp-hook.php(348): WP_Hook->apply_filters('', Array)\n#5 /wordpress/wp-includes/plugin.php(517): WP_Hook->do_action(Array)\n#6 /wordpress/wp-admin/includes/plugin.php(703): do_action('activate_namast...', false)\n#7 /internal/eval.php(20): activate_plugin('namaste-lms/nam...')\n#8 {main}</pre>\n for query ALTER TABLE `wp_namaste_homeworks` ADD award_points INT UNSIGNED NOT NULL DEFAULT 0, ADD editor_id INT UNSIGNED NOT NULL DEFAULT 0, ADD limit_by_date TINYINT UNSIGNED NOT NULL DEFAULT 0, ADD accept_date_from DATE, ADD accept_date_to DATE, ADD auto_grade_lesson TINYINT UNSIGNED NOT NULL DEFAULT 0, ADD self_approving TINYINT UNSIGNED NOT NULL DEFAULT 0, ADD auto_approve TINYINT UNSIGNED NOT NULL DEFAULT 0 made by activate_plugin, do_action('activate_namaste-lms/namaste.php'), WP_Hook->do_action, WP_Hook->apply_filters, NamasteLMS::install, namaste_add_db_fields, WP_SQLite_DB->query, WP_SQLite_DB->print_error",
    "log": "logs/plugins//n/namaste-lms/jspi-boot/error.log"
  },
  {
    "message": "Unknown operation: ADD.",
    "level": "FATAL",
    "type": "SQL",
    "test": "jspi-boot",
    "plugins": "namaste-lms",
    "details": "[20-Nov-2024 02:11:31 UTC] WordPress database error <div style=\"clear:both\">&nbsp;</div>\n<div class=\"queries\" style=\"clear:both;margin-bottom:2px;border:red dotted thin;\">\n<p>MySQL query:</p>\n<p>ALTER TABLE `wp_namaste_certificates` ADD editor_id INT UNSIGNED NOT NULL DEFAULT 0, ADD has_expiration TINYINT UNSIGNED NOT NULL DEFAULT 0, ADD expiration_period VARCHAR(100) NOT NULL DEFAULT '', ADD expired_message TEXT, ADD expiration_mode VARCHAR(255) NOT NULL DEFAULT 'period', ADD expiration_date DATE</p>\n<p>Queries made or created this session were:</p>\n<ol>\n<li>Executing: BEGIN | (no parameters)</li>\n<li>Executing: ROLLBACK | (no parameters)</li>\n</ol>\n</div>\n<div style=\"clear:both;margin-bottom:2px;border:red dotted thin;\" class=\"error_message\" style=\"border-bottom:dotted blue thin;\">\nError occurred at line 3786 in Function <code>handle_error</code>. Error message was: Unknown operation: ADD.\n</div>\n<p>Backtrace:</p>\n<pre>#0 /internal/shared/sqlite-database-integration/wp-includes/sqlite/class-wp-sqlite-db.php(287): WP_SQLite_Translator->get_error_message()\n#1 /wordpress/wp-content/plugins/namaste-lms/helpers/htmlhelper.php(188): WP_SQLite_DB->query('ALTER TABLE `wp...')\n#2 /wordpress/wp-content/plugins/namaste-lms/models/namaste-model.php(249): namaste_add_db_fields(Array, 'wp_namaste_cert...')\n#3 /wordpress/wp-includes/class-wp-hook.php(324): NamasteLMS::install(false)\n#4 /wordpress/wp-includes/class-wp-hook.php(348): WP_Hook->apply_filters('', Array)\n#5 /wordpress/wp-includes/plugin.php(517): WP_Hook->do_action(Array)\n#6 /wordpress/wp-admin/includes/plugin.php(703): do_action('activate_namast...', false)\n#7 /internal/eval.php(20): activate_plugin('namaste-lms/nam...')\n#8 {main}</pre>\n for query ALTER TABLE `wp_namaste_certificates` ADD editor_id INT UNSIGNED NOT NULL DEFAULT 0, ADD has_expiration TINYINT UNSIGNED NOT NULL DEFAULT 0, ADD expiration_period VARCHAR(100) NOT NULL DEFAULT '', ADD expired_message TEXT, ADD expiration_mode VARCHAR(255) NOT NULL DEFAULT 'period', ADD expiration_date DATE made by activate_plugin, do_action('activate_namaste-lms/namaste.php'), WP_Hook->do_action, WP_Hook->apply_filters, NamasteLMS::install, namaste_add_db_fields, WP_SQLite_DB->query, WP_SQLite_DB->print_error",
    "log": "logs/plugins//n/namaste-lms/jspi-boot/error.log"
  },
  {
    "message": "Unknown operation: ADD.",
    "level": "FATAL",
    "type": "SQL",
    "test": "jspi-boot",
    "plugins": "namaste-lms",
    "details": "[20-Nov-2024 02:11:31 UTC] WordPress database error <div style=\"clear:both\">&nbsp;</div>\n<div class=\"queries\" style=\"clear:both;margin-bottom:2px;border:red dotted thin;\">\n<p>MySQL query:</p>\n<p>ALTER TABLE `wp_namaste_history` ADD for_item_type VARCHAR(100) NOT NULL DEFAULT '' , ADD for_item_id INT UNSIGNED NOT NULL DEFAULT 0, ADD group_id INT UNSIGNED NOT NULL DEFAULT 0, ADD course_id INT UNSIGNED NOT NULL DEFAULT 0, ADD module_id INT UNSIGNED NOT NULL DEFAULT 0</p>\n<p>Queries made or created this session were:</p>\n<ol>\n<li>Executing: BEGIN | (no parameters)</li>\n<li>Executing: ROLLBACK | (no parameters)</li>\n</ol>\n</div>\n<div style=\"clear:both;margin-bottom:2px;border:red dotted thin;\" class=\"error_message\" style=\"border-bottom:dotted blue thin;\">\nError occurred at line 3786 in Function <code>handle_error</code>. Error message was: Unknown operation: ADD.\n</div>\n<p>Backtrace:</p>\n<pre>#0 /internal/shared/sqlite-database-integration/wp-includes/sqlite/class-wp-sqlite-db.php(287): WP_SQLite_Translator->get_error_message()\n#1 /wordpress/wp-content/plugins/namaste-lms/helpers/htmlhelper.php(188): WP_SQLite_DB->query('ALTER TABLE `wp...')\n#2 /wordpress/wp-content/plugins/namaste-lms/models/namaste-model.php(258): namaste_add_db_fields(Array, 'wp_namaste_hist...')\n#3 /wordpress/wp-includes/class-wp-hook.php(324): NamasteLMS::install(false)\n#4 /wordpress/wp-includes/class-wp-hook.php(348): WP_Hook->apply_filters('', Array)\n#5 /wordpress/wp-includes/plugin.php(517): WP_Hook->do_action(Array)\n#6 /wordpress/wp-admin/includes/plugin.php(703): do_action('activate_namast...', false)\n#7 /internal/eval.php(20): activate_plugin('namaste-lms/nam...')\n#8 {main}</pre>\n for query ALTER TABLE `wp_namaste_history` ADD for_item_type VARCHAR(100) NOT NULL DEFAULT '' , ADD for_item_id INT UNSIGNED NOT NULL DEFAULT 0, ADD group_id INT UNSIGNED NOT NULL DEFAULT 0, ADD course_id INT UNSIGNED NOT NULL DEFAULT 0, ADD module_id INT UNSIGNED NOT NULL DEFAULT 0 made by activate_plugin, do_action('activate_namaste-lms/namaste.php'), WP_Hook->do_action, WP_Hook->apply_filters, NamasteLMS::install, namaste_add_db_fields, WP_SQLite_DB->query, WP_SQLite_DB->print_error",
    "log": "logs/plugins//n/namaste-lms/jspi-boot/error.log"
  },
  {
    "message": "Unknown operation: CHANGE.",
    "level": "FATAL",
    "type": "SQL",
    "test": "jspi-boot",
    "plugins": "namaste-lms",
    "details": "[20-Nov-2024 02:11:31 UTC] WordPress database error <div style=\"clear:both\">&nbsp;</div>\n<div class=\"queries\" style=\"clear:both;margin-bottom:2px;border:red dotted thin;\">\n<p>MySQL query:</p>\n<p>ALTER TABLE wp_namaste_student_homeworks CHANGE fileblob fileblob LONGBLOB</p>\n<p>Queries made or created this session were:</p>\n<ol>\n<li>Executing: BEGIN | (no parameters)</li>\n<li>Executing: ROLLBACK | (no parameters)</li>\n</ol>\n</div>\n<div style=\"clear:both;margin-bottom:2px;border:red dotted thin;\" class=\"error_message\" style=\"border-bottom:dotted blue thin;\">\nError occurred at line 3786 in Function <code>handle_error</code>. Error message was: Unknown operation: CHANGE.\n</div>\n<p>Backtrace:</p>\n<pre>#0 /internal/shared/sqlite-database-integration/wp-includes/sqlite/class-wp-sqlite-db.php(287): WP_SQLite_Translator->get_error_message()\n#1 /wordpress/wp-content/plugins/namaste-lms/models/namaste-model.php(282): WP_SQLite_DB->query('ALTER TABLE wp_...')\n#2 /wordpress/wp-includes/class-wp-hook.php(324): NamasteLMS::install(false)\n#3 /wordpress/wp-includes/class-wp-hook.php(348): WP_Hook->apply_filters('', Array)\n#4 /wordpress/wp-includes/plugin.php(517): WP_Hook->do_action(Array)\n#5 /wordpress/wp-admin/includes/plugin.php(703): do_action('activate_namast...', false)\n#6 /internal/eval.php(20): activate_plugin('namaste-lms/nam...')\n#7 {main}</pre>\n for query ALTER TABLE wp_namaste_student_homeworks CHANGE fileblob fileblob LONGBLOB made by activate_plugin, do_action('activate_namaste-lms/namaste.php'), WP_Hook->do_action, WP_Hook->apply_filters, NamasteLMS::install, WP_SQLite_DB->query, WP_SQLite_DB->print_error",
    "log": "logs/plugins//n/namaste-lms/jspi-boot/error.log"
  },
  {
    "message": "Uncaught Exception: The plugin generated unexpected output. in /internal/eval.php:29",
    "level": "FATAL",
    "type": "PHP",
    "test": "jspi-boot",
    "plugins": "namaste-lms",
    "details": "[20-Nov-2024 02:11:31 UTC] PHP Fatal error:  Uncaught Exception: The plugin generated unexpected output. in /internal/eval.php:29\nStack trace:\n#0 {main}\n  thrown in /internal/eval.php on line 29\n\n    at Object.onBind (file:///Users/bero/Projects/playground-tester/node_modules/@wp-playground/cli/cli.js:20:788)\n    at process.processTicksAndRejections (node:internal/process/task_queues:105:5)\n    at async j (file:///Users/bero/Projects/playground-tester/node_modules/@wp-playground/cli/cli.js:1:1166) {\n  [cause]: Error: Error when executing the blueprint step #0 ({\"step\":\"installPlugin\",\"pluginData\":{\"resource\":\"wordpress.org/plugins\",\"slug\":\"namaste-lms\"},\"options\":{\"activate\":true}}) : PHP.run() failed with exit code 255 and the following output: \n      at Object.run (file:///Users/bero/Projects/playground-tester/node_modules/@wp-playground/blueprints/index.js:12099:32)\n      at process.processTicksAndRejections (node:internal/process/task_queues:105:5)\n      at async Qt (file:///Users/bero/Projects/playground-tester/node_modules/@wp-playground/blueprints/index.js:12200:3)\n      at async Object.onBind (file:///Users/bero/Projects/playground-tester/node_modules/@wp-playground/cli/cli.js:20:453)\n      at async j (file:///Users/bero/Projects/playground-tester/node_modules/@wp-playground/cli/cli.js:1:1166) {\n    [cause]: PHPExecutionFailureError: PHP.run() failed with exit code 255 and the following output: \n        at PHP.run (file:///Users/bero/Projects/playground-tester/node_modules/@php-wasm/universal/index.js:979:19)\n        at process.processTicksAndRejections (node:internal/process/task_queues:105:5)\n        at async gr (file:///Users/bero/Projects/playground-tester/node_modules/@wp-playground/blueprints/index.js:31:39)\n        at async Object.at [as installPlugin] (file:///Users/bero/Projects/playground-tester/node_modules/@wp-playground/blueprints/index.js:877:42)\n        at async d (file:///Users/bero/Projects/playground-tester/node_modules/@wp-playground/blueprints/index.js:12165:30)\n        at async Object.run (file:///Users/bero/Projects/playground-tester/node_modules/@wp-playground/blueprints/index.js:12096:23)\n        at async Qt (file:///Users/bero/Projects/playground-tester/node_modules/@wp-playground/blueprints/index.js:12200:3)\n        at async Object.onBind (file:///Users/bero/Projects/playground-tester/node_modules/@wp-playground/cli/cli.js:20:453)\n        at async j (file:///Users/bero/Projects/playground-tester/node_modules/@wp-playground/cli/cli.js:1:1166) {\n      response: PHPResponse {\n        httpStatusCode: 500,\n        headers: {\n          'x-powered-by': [ 'PHP/8.3.0-dev' ],\n          'content-type': [ 'text/html; charset=UTF-8' ]\n        },\n        bytes: Uint8Array(0) [],\n        exitCode: 255,\n        errors: ''\n      },\n      source: 'request'\n    }\n  }\n}\n\nNode.js v23.2.0\n",
    "log": "logs/plugins//n/namaste-lms/jspi-boot/error.log"
  }
]
