[
{"message":"Trying to access array offset on null in /wordpress/wp-content/plugins/iphoneize-my-feed/iphoneize_my_feed.php on line 12","level":"WARNING","type":"PHP","test":"asyncify-boot","plugins":"iphoneize-my-feed","details":"[20-Nov-2024 00:22:14 UTC] PHP Warning:  Trying to access array offset on null in /wordpress/wp-content/plugins/iphoneize-my-feed/iphoneize_my_feed.php on line 12","log":"logs/plugins//i/iphoneize-my-feed/asyncify-boot/error.log"}
,
{"message":"Uncaught Exception: The plugin generated unexpected output. in /internal/eval.php:29","level":"FATAL","type":"PHP","test":"asyncify-boot","plugins":"iphoneize-my-feed","details":"[20-Nov-2024 00:22:14 UTC] PHP Fatal error:  Uncaught Exception: The plugin generated unexpected output. in /internal/eval.php:29\nStack trace:\n#0 {main}\n  thrown in /internal/eval.php on line 29\n\n    at Object.onBind (file:///Users/bero/Projects/playground-tester/node_modules/@wp-playground/cli/cli.js:20:788)\n    at process.processTicksAndRejections (node:internal/process/task_queues:95:5)\n    at async j (file:///Users/bero/Projects/playground-tester/node_modules/@wp-playground/cli/cli.js:1:1166) {\n  [cause]: Error: Error when executing the blueprint step #0 ({\"step\":\"installPlugin\",\"pluginData\":{\"resource\":\"wordpress.org/plugins\",\"slug\":\"iphoneize-my-feed\"},\"options\":{\"activate\":true}}) : PHP.run() failed with exit code 255 and the following output: \n      at Object.run (file:///Users/bero/Projects/playground-tester/node_modules/@wp-playground/blueprints/index.js:12099:32)\n      at process.processTicksAndRejections (node:internal/process/task_queues:95:5)\n      at async Qt (file:///Users/bero/Projects/playground-tester/node_modules/@wp-playground/blueprints/index.js:12200:3)\n      at async Object.onBind (file:///Users/bero/Projects/playground-tester/node_modules/@wp-playground/cli/cli.js:20:453)\n      at async j (file:///Users/bero/Projects/playground-tester/node_modules/@wp-playground/cli/cli.js:1:1166) {\n    [cause]: PHPExecutionFailureError: PHP.run() failed with exit code 255 and the following output: \n        at PHP.run (file:///Users/bero/Projects/playground-tester/node_modules/@php-wasm/universal/index.js:979:19)\n        at process.processTicksAndRejections (node:internal/process/task_queues:95:5)\n        at async gr (file:///Users/bero/Projects/playground-tester/node_modules/@wp-playground/blueprints/index.js:31:39)\n        at async Object.at [as installPlugin] (file:///Users/bero/Projects/playground-tester/node_modules/@wp-playground/blueprints/index.js:877:42)\n        at async d (file:///Users/bero/Projects/playground-tester/node_modules/@wp-playground/blueprints/index.js:12165:30)\n        at async Object.run (file:///Users/bero/Projects/playground-tester/node_modules/@wp-playground/blueprints/index.js:12096:23)\n        at async Qt (file:///Users/bero/Projects/playground-tester/node_modules/@wp-playground/blueprints/index.js:12200:3)\n        at async Object.onBind (file:///Users/bero/Projects/playground-tester/node_modules/@wp-playground/cli/cli.js:20:453)\n        at async j (file:///Users/bero/Projects/playground-tester/node_modules/@wp-playground/cli/cli.js:1:1166) {\n      response: PHPResponse {\n        httpStatusCode: 500,\n        headers: {\n          'x-powered-by': [ 'PHP/8.3.0-dev' ],\n          'content-type': [ 'text/html; charset=UTF-8' ]\n        },\n        bytes: Uint8Array(0) [],\n        exitCode: 255,\n        errors: ''\n      },\n      source: 'request'\n    }\n  }\n}\n\nNode.js v18.18.2\n","log":"logs/plugins//i/iphoneize-my-feed/asyncify-boot/error.log"}
]
